0 info it worked if it ends with ok
1 verbose cli [ 'C:\\Program Files\\nodejs\\node.exe',
1 verbose cli   'C:\\Users\\Deep Prakash\\AppData\\Roaming\\npm\\node_modules\\npm\\bin\\npm-cli.js',
1 verbose cli   'publish' ]
2 info using npm@3.10.6
3 info using node@v6.3.1
4 verbose publish [ '.' ]
5 silly cache add args [ '.', null ]
6 verbose cache add spec .
7 silly cache add parsed spec Result {
7 silly cache add   raw: '.',
7 silly cache add   scope: null,
7 silly cache add   escapedName: null,
7 silly cache add   name: null,
7 silly cache add   rawSpec: '.',
7 silly cache add   spec: 'C:\\Users\\Deep Prakash\\Desktop\\DateTimePicker',
7 silly cache add   type: 'directory' }
8 verbose addLocalDirectory C:\Users\Deep Prakash\AppData\Roaming\npm-cache\react-dateTimePicker\0.0.0\package.tgz not in flight; packing
9 verbose correctMkdir C:\Users\Deep Prakash\AppData\Roaming\npm-cache correctMkdir not in flight; initializing
10 info lifecycle react-dateTimePicker@0.0.0~prepublish: react-dateTimePicker@0.0.0
11 verbose lifecycle react-dateTimePicker@0.0.0~prepublish: unsafe-perm in lifecycle true
12 verbose lifecycle react-dateTimePicker@0.0.0~prepublish: PATH: C:\Users\Deep Prakash\AppData\Roaming\npm\node_modules\npm\bin\node-gyp-bin;C:\Users\Deep Prakash\Desktop\DateTimePicker\node_modules\.bin;C:\ProgramData\Oracle\Java\javapath;C:\Windows\system32;C:\Windows;C:\Windows\System32\Wbem;C:\Windows\System32\WindowsPowerShell\v1.0\;C:\Windows\system32\config\systemprofile\.dnx\bin;C:\Program Files\Microsoft DNX\Dnvm\;C:\Program Files\Microsoft SQL Server\130\Tools\Binn\;C:\Program Files (x86)\Skype\Phone\;C:\Program Files\Git\cmd;C:\Program Files\nodejs\;C:\python27;C:\python27\Scripts;C:\Users\Deep Prakash\AppData\Roaming\npm
13 verbose lifecycle react-dateTimePicker@0.0.0~prepublish: CWD: C:\Users\Deep Prakash\Desktop\DateTimePicker
14 silly lifecycle react-dateTimePicker@0.0.0~prepublish: Args: [ '/d /s /c', 'npm run test && npm run build' ]
15 silly lifecycle react-dateTimePicker@0.0.0~prepublish: Returned: code: 1  signal: null
16 info lifecycle react-dateTimePicker@0.0.0~prepublish: Failed to exec prepublish script
17 error addLocal Could not install C:\Users\Deep Prakash\Desktop\DateTimePicker
18 verbose stack Error: react-dateTimePicker@0.0.0 prepublish: `npm run test && npm run build`
18 verbose stack Exit status 1
18 verbose stack     at EventEmitter.<anonymous> (C:\Users\Deep Prakash\AppData\Roaming\npm\node_modules\npm\lib\utils\lifecycle.js:255:16)
18 verbose stack     at emitTwo (events.js:106:13)
18 verbose stack     at EventEmitter.emit (events.js:191:7)
18 verbose stack     at ChildProcess.<anonymous> (C:\Users\Deep Prakash\AppData\Roaming\npm\node_modules\npm\lib\utils\spawn.js:40:14)
18 verbose stack     at emitTwo (events.js:106:13)
18 verbose stack     at ChildProcess.emit (events.js:191:7)
18 verbose stack     at maybeClose (internal/child_process.js:852:16)
18 verbose stack     at Process.ChildProcess._handle.onexit (internal/child_process.js:215:5)
19 verbose pkgid react-dateTimePicker@0.0.0
20 verbose cwd C:\Users\Deep Prakash\Desktop\DateTimePicker
21 error Windows_NT 10.0.10240
22 error argv "C:\\Program Files\\nodejs\\node.exe" "C:\\Users\\Deep Prakash\\AppData\\Roaming\\npm\\node_modules\\npm\\bin\\npm-cli.js" "publish"
23 error node v6.3.1
24 error npm  v3.10.6
25 error code ELIFECYCLE
26 error react-dateTimePicker@0.0.0 prepublish: `npm run test && npm run build`
26 error Exit status 1
27 error Failed at the react-dateTimePicker@0.0.0 prepublish script 'npm run test && npm run build'.
27 error Make sure you have the latest version of node.js and npm installed.
27 error If you do, this is most likely a problem with the react-dateTimePicker package,
27 error not with npm itself.
27 error Tell the author that this fails on your system:
27 error     npm run test && npm run build
27 error You can get information on how to open an issue for this project with:
27 error     npm bugs react-dateTimePicker
27 error Or if that isn't available, you can get their info via:
27 error     npm owner ls react-dateTimePicker
27 error There is likely additional logging output above.
28 verbose exit [ 1, true ]
